[20-Mar-2026 18:29:15 UTC] PHP Fatal error:  Out of memory (allocated 31457280 bytes) (tried to allocate 2097152 bytes) in /workspaces/Lab6/.wordpress/wp-admin/includes/ajax-actions.php on line 4340
[20-Mar-2026 18:29:25 UTC] PHP Fatal error:  Out of memory (allocated 31457280 bytes) (tried to allocate 2097152 bytes) in /workspaces/Lab6/.wordpress/wp-admin/includes/ajax-actions.php on line 4340
[20-Mar-2026 18:29:35 UTC] PHP Fatal error:  Out of memory (allocated 31457280 bytes) (tried to allocate 2097152 bytes) in /workspaces/Lab6/.wordpress/wp-admin/includes/ajax-actions.php on line 4340
[20-Mar-2026 18:29:45 UTC] PHP Fatal error:  Out of memory (allocated 31457280 bytes) (tried to allocate 2097152 bytes) in /workspaces/Lab6/.wordpress/wp-admin/includes/ajax-actions.php on line 4340
[20-Mar-2026 18:29:53 UTC] PHP Fatal error:  Out of memory (allocated 31457280 bytes) (tried to allocate 2097152 bytes) in /workspaces/Lab6/.wordpress/wp-admin/includes/ajax-actions.php on line 4340
[20-Mar-2026 18:29:55 UTC] PHP Fatal error:  Out of memory (allocated 31457280 bytes) (tried to allocate 2097152 bytes) in /workspaces/Lab6/.wordpress/wp-admin/includes/ajax-actions.php on line 4340
[20-Mar-2026 18:30:02 UTC] PHP Fatal error:  Out of memory (allocated 31457280 bytes) (tried to allocate 4096 bytes) in /workspaces/Lab6/.wordpress/wp-includes/class-wp-theme-json.php on line 1281
[20-Mar-2026 18:30:02 UTC] PHP Fatal error:  Out of memory (allocated 31457280 bytes) (tried to allocate 8192 bytes) in /workspaces/Lab6/.wordpress/wp-includes/Requests/src/Autoload.php on line 150
[20-Mar-2026 18:30:03 UTC] PHP Fatal error:  Out of memory (allocated 31457280 bytes) (tried to allocate 2097152 bytes) in /workspaces/Lab6/.wordpress/wp-admin/includes/ajax-actions.php on line 4340
[20-Mar-2026 18:30:04 UTC] PHP Fatal error:  Out of memory (allocated 31457280 bytes) (tried to allocate 16384 bytes) in /workspaces/Lab6/.wordpress/wp-includes/class-wp-theme-json.php on line 1442
[20-Mar-2026 18:30:05 UTC] PHP Fatal error:  Out of memory (allocated 31457280 bytes) (tried to allocate 2097152 bytes) in /workspaces/Lab6/.wordpress/wp-admin/includes/ajax-actions.php on line 4340
[20-Mar-2026 18:30:13 UTC] PHP Fatal error:  Out of memory (allocated 31457280 bytes) (tried to allocate 2097152 bytes) in /workspaces/Lab6/.wordpress/wp-admin/includes/ajax-actions.php on line 4340
[20-Mar-2026 18:30:14 UTC] PHP Fatal error:  Out of memory (allocated 31457280 bytes) (tried to allocate 20480 bytes) in /workspaces/Lab6/.wordpress/wp-includes/global-styles-and-settings.php on line 238
[20-Mar-2026 18:30:15 UTC] PHP Fatal error:  Out of memory (allocated 31457280 bytes) (tried to allocate 2097152 bytes) in /workspaces/Lab6/.wordpress/wp-admin/includes/ajax-actions.php on line 4340
[20-Mar-2026 18:30:24 UTC] PHP Fatal error:  Out of memory (allocated 31457280 bytes) (tried to allocate 2097152 bytes) in /workspaces/Lab6/.wordpress/wp-admin/includes/ajax-actions.php on line 4340
[20-Mar-2026 18:30:25 UTC] PHP Fatal error:  Out of memory (allocated 31457280 bytes) (tried to allocate 2097152 bytes) in /workspaces/Lab6/.wordpress/wp-admin/includes/ajax-actions.php on line 4340
[20-Mar-2026 18:30:35 UTC] PHP Fatal error:  Out of memory (allocated 31457280 bytes) (tried to allocate 2097152 bytes) in /workspaces/Lab6/.wordpress/wp-admin/includes/ajax-actions.php on line 4340
[20-Mar-2026 18:30:45 UTC] PHP Fatal error:  Out of memory (allocated 31457280 bytes) (tried to allocate 2097152 bytes) in /workspaces/Lab6/.wordpress/wp-admin/includes/ajax-actions.php on line 4340
[20-Mar-2026 18:30:55 UTC] PHP Fatal error:  Out of memory (allocated 31457280 bytes) (tried to allocate 2097152 bytes) in /workspaces/Lab6/.wordpress/wp-admin/includes/ajax-actions.php on line 4340
[20-Mar-2026 18:31:05 UTC] PHP Fatal error:  Out of memory (allocated 31457280 bytes) (tried to allocate 2097152 bytes) in /workspaces/Lab6/.wordpress/wp-admin/includes/ajax-actions.php on line 4340
[20-Mar-2026 18:31:05 UTC] PHP Fatal error:  Out of memory (allocated 31457280 bytes) (tried to allocate 2097152 bytes) in /workspaces/Lab6/.wordpress/wp-includes/Requests/src/Cookie/Jar.php on line 32
[20-Mar-2026 18:31:15 UTC] PHP Fatal error:  Out of memory (allocated 31457280 bytes) (tried to allocate 2097152 bytes) in /workspaces/Lab6/.wordpress/wp-admin/includes/ajax-actions.php on line 4340
[20-Mar-2026 18:31:25 UTC] PHP Fatal error:  Out of memory (allocated 31457280 bytes) (tried to allocate 2097152 bytes) in /workspaces/Lab6/.wordpress/wp-admin/includes/ajax-actions.php on line 4340
[20-Mar-2026 18:31:35 UTC] PHP Fatal error:  Out of memory (allocated 31457280 bytes) (tried to allocate 2097152 bytes) in /workspaces/Lab6/.wordpress/wp-admin/includes/ajax-actions.php on line 4340
[20-Mar-2026 18:31:45 UTC] PHP Fatal error:  Out of memory (allocated 31457280 bytes) (tried to allocate 2097152 bytes) in /workspaces/Lab6/.wordpress/wp-admin/includes/ajax-actions.php on line 4340
[20-Mar-2026 18:31:55 UTC] PHP Fatal error:  Out of memory (allocated 31457280 bytes) (tried to allocate 2097152 bytes) in /workspaces/Lab6/.wordpress/wp-admin/includes/ajax-actions.php on line 4340
[20-Mar-2026 18:32:01 UTC] PHP Fatal error:  Out of memory (allocated 31457280 bytes) (tried to allocate 2097152 bytes) in /workspaces/Lab6/.wordpress/wp-admin/includes/ajax-actions.php on line 4340
[20-Mar-2026 18:32:06 UTC] PHP Fatal error:  Out of memory (allocated 31457280 bytes) (tried to allocate 2097152 bytes) in /workspaces/Lab6/.wordpress/wp-admin/includes/ajax-actions.php on line 4340
[20-Mar-2026 18:32:06 UTC] PHP Fatal error:  Out of memory (allocated 31457280 bytes) (tried to allocate 2097152 bytes) in /workspaces/Lab6/.wordpress/wp-includes/Requests/src/Cookie/Jar.php on line 32
[20-Mar-2026 18:32:10 UTC] PHP Fatal error:  Out of memory (allocated 31457280 bytes) (tried to allocate 2097152 bytes) in /workspaces/Lab6/.wordpress/wp-admin/includes/ajax-actions.php on line 4340
[20-Mar-2026 18:32:16 UTC] PHP Fatal error:  Out of memory (allocated 31457280 bytes) (tried to allocate 2097152 bytes) in /workspaces/Lab6/.wordpress/wp-admin/includes/ajax-actions.php on line 4340
[20-Mar-2026 18:32:20 UTC] PHP Fatal error:  Out of memory (allocated 31457280 bytes) (tried to allocate 2097152 bytes) in /workspaces/Lab6/.wordpress/wp-admin/includes/ajax-actions.php on line 4340
[20-Mar-2026 18:32:26 UTC] PHP Fatal error:  Out of memory (allocated 31457280 bytes) (tried to allocate 2097152 bytes) in /workspaces/Lab6/.wordpress/wp-admin/includes/ajax-actions.php on line 4340
[20-Mar-2026 18:32:31 UTC] PHP Fatal error:  Out of memory (allocated 31457280 bytes) (tried to allocate 2097152 bytes) in /workspaces/Lab6/.wordpress/wp-admin/includes/ajax-actions.php on line 4340
[20-Mar-2026 18:32:37 UTC] PHP Fatal error:  Out of memory (allocated 31457280 bytes) (tried to allocate 2097152 bytes) in /workspaces/Lab6/.wordpress/wp-admin/includes/ajax-actions.php on line 4340
[20-Mar-2026 18:32:40 UTC] PHP Fatal error:  Out of memory (allocated 31457280 bytes) (tried to allocate 2097152 bytes) in /workspaces/Lab6/.wordpress/wp-admin/includes/ajax-actions.php on line 4340
[20-Mar-2026 18:32:47 UTC] PHP Fatal error:  Out of memory (allocated 31457280 bytes) (tried to allocate 2097152 bytes) in /workspaces/Lab6/.wordpress/wp-admin/includes/ajax-actions.php on line 4340
[20-Mar-2026 18:32:50 UTC] PHP Fatal error:  Out of memory (allocated 31457280 bytes) (tried to allocate 2097152 bytes) in /workspaces/Lab6/.wordpress/wp-admin/includes/ajax-actions.php on line 4340
[20-Mar-2026 18:32:57 UTC] PHP Fatal error:  Out of memory (allocated 31457280 bytes) (tried to allocate 2097152 bytes) in /workspaces/Lab6/.wordpress/wp-admin/includes/ajax-actions.php on line 4340
[20-Mar-2026 18:33:00 UTC] PHP Fatal error:  Out of memory (allocated 31457280 bytes) (tried to allocate 2097152 bytes) in /workspaces/Lab6/.wordpress/wp-admin/includes/ajax-actions.php on line 4340
[20-Mar-2026 18:33:10 UTC] PHP Fatal error:  Out of memory (allocated 31457280 bytes) (tried to allocate 2097152 bytes) in /workspaces/Lab6/.wordpress/wp-admin/includes/ajax-actions.php on line 4340
[20-Mar-2026 18:33:10 UTC] PHP Fatal error:  Out of memory (allocated 31457280 bytes) (tried to allocate 2097152 bytes) in /workspaces/Lab6/.wordpress/wp-includes/Requests/src/Cookie/Jar.php on line 32
[20-Mar-2026 18:33:20 UTC] PHP Fatal error:  Out of memory (allocated 31457280 bytes) (tried to allocate 2097152 bytes) in /workspaces/Lab6/.wordpress/wp-admin/includes/ajax-actions.php on line 4340
[20-Mar-2026 18:33:30 UTC] PHP Fatal error:  Out of memory (allocated 31457280 bytes) (tried to allocate 2097152 bytes) in /workspaces/Lab6/.wordpress/wp-admin/includes/ajax-actions.php on line 4340
[20-Mar-2026 18:33:41 UTC] PHP Fatal error:  Out of memory (allocated 31457280 bytes) (tried to allocate 2097152 bytes) in /workspaces/Lab6/.wordpress/wp-admin/includes/ajax-actions.php on line 4340
[20-Mar-2026 18:33:50 UTC] PHP Fatal error:  Out of memory (allocated 31457280 bytes) (tried to allocate 2097152 bytes) in /workspaces/Lab6/.wordpress/wp-admin/includes/ajax-actions.php on line 4340
[20-Mar-2026 18:34:00 UTC] PHP Fatal error:  Out of memory (allocated 31457280 bytes) (tried to allocate 2097152 bytes) in /workspaces/Lab6/.wordpress/wp-admin/includes/ajax-actions.php on line 4340
[20-Mar-2026 18:34:11 UTC] PHP Fatal error:  Out of memory (allocated 31457280 bytes) (tried to allocate 2097152 bytes) in /workspaces/Lab6/.wordpress/wp-admin/includes/ajax-actions.php on line 4340
[20-Mar-2026 18:34:11 UTC] PHP Fatal error:  Out of memory (allocated 31457280 bytes) (tried to allocate 2097152 bytes) in /workspaces/Lab6/.wordpress/wp-includes/Requests/src/Cookie/Jar.php on line 32
[20-Mar-2026 18:34:20 UTC] PHP Fatal error:  Out of memory (allocated 31457280 bytes) (tried to allocate 2097152 bytes) in /workspaces/Lab6/.wordpress/wp-admin/includes/ajax-actions.php on line 4340
[20-Mar-2026 18:34:22 UTC] PHP Fatal error:  Out of memory (allocated 31457280 bytes) (tried to allocate 2097152 bytes) in /workspaces/Lab6/.wordpress/wp-admin/includes/ajax-actions.php on line 4340
[20-Mar-2026 18:34:30 UTC] PHP Fatal error:  Out of memory (allocated 31457280 bytes) (tried to allocate 2097152 bytes) in /workspaces/Lab6/.wordpress/wp-admin/includes/ajax-actions.php on line 4340
[20-Mar-2026 18:34:32 UTC] PHP Fatal error:  Out of memory (allocated 31457280 bytes) (tried to allocate 2097152 bytes) in /workspaces/Lab6/.wordpress/wp-admin/includes/ajax-actions.php on line 4340
[20-Mar-2026 18:34:40 UTC] PHP Fatal error:  Out of memory (allocated 31457280 bytes) (tried to allocate 20480 bytes) in /workspaces/Lab6/.wordpress/wp-includes/global-styles-and-settings.php on line 238
[20-Mar-2026 18:34:41 UTC] PHP Fatal error:  Out of memory (allocated 31457280 bytes) (tried to allocate 2097152 bytes) in /workspaces/Lab6/.wordpress/wp-admin/includes/ajax-actions.php on line 4340
[20-Mar-2026 18:34:42 UTC] PHP Fatal error:  Out of memory (allocated 31457280 bytes) (tried to allocate 2097152 bytes) in /workspaces/Lab6/.wordpress/wp-admin/includes/ajax-actions.php on line 4340
[20-Mar-2026 18:34:51 UTC] PHP Fatal error:  Out of memory (allocated 31457280 bytes) (tried to allocate 2097152 bytes) in /workspaces/Lab6/.wordpress/wp-admin/includes/ajax-actions.php on line 4340
[20-Mar-2026 18:34:52 UTC] PHP Fatal error:  Out of memory (allocated 31457280 bytes) (tried to allocate 2097152 bytes) in /workspaces/Lab6/.wordpress/wp-admin/includes/ajax-actions.php on line 4340
[20-Mar-2026 18:35:01 UTC] PHP Fatal error:  Out of memory (allocated 31457280 bytes) (tried to allocate 2097152 bytes) in /workspaces/Lab6/.wordpress/wp-admin/includes/ajax-actions.php on line 4340
[20-Mar-2026 18:35:02 UTC] PHP Fatal error:  Out of memory (allocated 31457280 bytes) (tried to allocate 2097152 bytes) in /workspaces/Lab6/.wordpress/wp-admin/includes/ajax-actions.php on line 4340
[20-Mar-2026 18:35:04 UTC] PHP Fatal error:  Out of memory (allocated 31457280 bytes) (tried to allocate 2097152 bytes) in /workspaces/Lab6/.wordpress/wp-admin/includes/ajax-actions.php on line 4398
[20-Mar-2026 18:35:04 UTC] PHP Fatal error:  Out of memory (allocated 31457280 bytes) (tried to allocate 2097152 bytes) in /workspaces/Lab6/.wordpress/wp-includes/class-wp-admin-bar.php on line 662
[20-Mar-2026 18:35:11 UTC] PHP Fatal error:  Out of memory (allocated 31457280 bytes) (tried to allocate 2097152 bytes) in /workspaces/Lab6/.wordpress/wp-admin/includes/ajax-actions.php on line 4340
[20-Mar-2026 18:35:11 UTC] PHP Fatal error:  Out of memory (allocated 31457280 bytes) (tried to allocate 2097152 bytes) in /workspaces/Lab6/.wordpress/wp-includes/Requests/src/Cookie/Jar.php on line 32
[20-Mar-2026 18:35:21 UTC] PHP Fatal error:  Out of memory (allocated 31457280 bytes) (tried to allocate 2097152 bytes) in /workspaces/Lab6/.wordpress/wp-admin/includes/ajax-actions.php on line 4340
[20-Mar-2026 18:35:33 UTC] PHP Fatal error:  Out of memory (allocated 31457280 bytes) (tried to allocate 2097152 bytes) in /workspaces/Lab6/.wordpress/wp-admin/includes/ajax-actions.php on line 4340
[20-Mar-2026 18:35:41 UTC] PHP Fatal error:  Out of memory (allocated 31457280 bytes) (tried to allocate 2097152 bytes) in /workspaces/Lab6/.wordpress/wp-admin/includes/ajax-actions.php on line 4340
[20-Mar-2026 18:35:51 UTC] PHP Fatal error:  Out of memory (allocated 31457280 bytes) (tried to allocate 2097152 bytes) in /workspaces/Lab6/.wordpress/wp-admin/includes/ajax-actions.php on line 4340
[20-Mar-2026 18:36:01 UTC] PHP Fatal error:  Out of memory (allocated 31457280 bytes) (tried to allocate 2097152 bytes) in /workspaces/Lab6/.wordpress/wp-admin/includes/ajax-actions.php on line 4340
[20-Mar-2026 18:36:11 UTC] PHP Fatal error:  Out of memory (allocated 31457280 bytes) (tried to allocate 2097152 bytes) in /workspaces/Lab6/.wordpress/wp-admin/includes/ajax-actions.php on line 4340
[20-Mar-2026 18:36:11 UTC] PHP Fatal error:  Out of memory (allocated 31457280 bytes) (tried to allocate 2097152 bytes) in /workspaces/Lab6/.wordpress/wp-includes/Requests/src/Cookie/Jar.php on line 32
